241941680
176748843
184164558
96313390
668725581
634605536
148115488
266076824
384132201
104518636
837476498
90700865
171828296
614941318
978723942
11267749
323258170
751766344
869378656
868966612
6962656
580045979
52659929
705087945
652094811
17259706
994892693
609075469
611341975
599768303
680514190
513180331
364821161
720016712
251272669
343668683
467173837
982844373
657081942
611125245
645826051
480613369
537417688
549188535
407654172
917156862
197761443
640657081
821444068
804826644
989714485
851585610
683843779
342306278
211061953
781288331
389252789
280248583
466243167
224553160
694936243
139797674
50835771
849074282
848132552
419801415
779799581
252599865
116352674
849309992
265171109
495429082
615982421
524193154
262452454
796277464
21163854
540739012
409526651
361750108
409557486
24470641
516775561
1744772
678511027
176519937
247764091
978694022
921606100
407261713
444972036
543904573
630933215
843356004
466598218
533805709
117649286
24565962
975067853
54930709
73203695
453902203
890918073
7512015
989213951
486349571
618534027
485363321
297343962
310864553
980165389
459053581
136967054
482769733
808819713
444276114
180897842
607020859
604142424
233477966
918729522
104964378
593550109
89079633
635837733
186905804
997400609
70780885
210309490
178198905
920758325
132250848
295248345
134836373
769696405
604317096
981050745
518939420
526202121
850717756
62405041
882226115
141965360
915546877
226821408
69942022
583234422
758436062
421150339
783889330
416378605
992890420
857329891
673347189
280053897
191040480
32048794
298691555
729524004
515941659
818635163
708423284
436506835
157455910
316903302
137631950
32402614
46762875
710036197
432580330
551896657
142891154
239591326
271623108
484729104
934347398
948189686
707454878
155157223
60017063
689465031
604086985
29228208
982899495
734770214
576133985
762182327
794264282
524816140
901868398
394660323
353865279
725985515
374642059
475325042
491092711
958351222
48080297
364086738
742083464
302819125
213280914
169393406
157024318
998891581
878738841
799848180
736654681
172855148
348350200
866931877
62461842
14704672
329849082
404480231
635727737
766594269
391485791
54044579
421114374
241052910
960749063
529218696
840237459
97937337
288245141
714067152
523255541
679788325
596757539
512864658
888545845
350483063
662260969
773497543
546057395
130222252
410497126
482881878
493376839
460349804
601083841
164164878
293706947
496964529
801845824
498073458
908913920
101354094
727586945
241558452
225158033
445766966
774409309
810108245
29561072
734073203
968955304
560409832
544675533
789530528
593649620
109241767
556416427
604796392
634483321
294510459
671694535
533947365
116661309
781521545
403028734
94725866
740485223
285822753
536148283
219832143
760727762
822714134
322445260
224890424
198906593
888266804
858475528
590402504
89817752
736017750
961335098
877472527
681582219
514188482
972059258
555701638
377728393
939486159
359360962
152044701
950958342
77949521
469324900
108940285
257185707
101546779
382311614
420556250
2481932
399263557
377735410
968019294
782601077
798037389
75361694
856996446
396364452
469410874
33761249
681543950
307067367
389625193
47040956
452306796
612727313
319265409
416914620
946780385
412453566
13913692
416609142
524805855
232173651
576920916
5466987
424237999
70372957
235325750
865527204
381817685
639986703
752570103
528894
250073601
83633960
109163414
768830353
320867206
870360178
343145726
690526439
987763988
63669599
717020967
382035940
64965915
506570835
957676763
560099291
61431693
715614066
629284406
114976285
531779584
900263692
601441431
17360619
383874212
28815860
796852584
866178181
812138322
991560374
509357151
681111386
994244773
909231558
58170607
103217220
992103591
760969860
653030328
975935415
789816905
439027789
102677617
173749114
548437313
937452833
427843712
70100507
733502579
866918236
591490864
954692000
998185390
76848537
439216974
399300764
864301604
104687035
898360166
129494559
985075543
119681526
865026343
233935354
30423178
506032448
715155931
545758860
774728831
194046802
620455202
177228147
138736713
386996526
255694839
434860118
514616776
668388592
560095255
919426078
989568218
270746679
759319232
359284491
166192325
532770800
57661965
607901775
342182934
835605765
730815207
187439060
359142212
283561619
950007291
843562949
596003265
318055669
322871296
675950096
217146911
362877158
665820340
296215815
239189710
784243114
477540243
620966831
537964918
840307954
523294530
144075950
825496096
81447586
588254136
239438351
608742334
48367922
10304748
633018742
854552547
609917984
886320146
281461379
26049058
204735585
910193199
460517971
716768684
613117094
678038424
108631941
442102450
401654592
866967108
884606576
651147424
411149069
428434844
673333537
783967880
992556907
841405220
489607847
195466542
867501327
775365018
211333542
447193286
220318541
370160800
233273639
527268214
787956361
297551816
565155809
125333520
848828138
65328007
883228415
959896304
416648310
429975830
241696011
35200908
543703608
606085069
401124033
68009241
650280301
33883685
847372676
264808125
162150295
121404842
426983571
993124730
636524005
47467748
834107703
839550157
115497963
389487024
269158039
304918429
451418331
95776976
933672617
409754245
487819017
950889549
654557656
428039475
284631345
200067433
80764499
783991301
3976101
269747033
227077408
74834497
215539134
580805943
223457161
447340630
100112149
856651622
96487636
369245430
89654400
817602356
475017073
447512534
640749620
228783290
954770197
7249617
982552079
60062944
565594517
399408586
28954830
191852826
659848108
729381311
76495768
964712889
360363845
412208117
390724631
932128264
997087078
689243232
963941426
971734680
272612176
439346406
261310715
51717817
248789927
210548941
424492420
641779590
313974648
301005440
386810227
160265302
467601504
388826231
242407824
198724841
773645412
204363071
460787131
990608247
95048753
886117457
112017911
671631261
775459205
168302522
33956819
22298572
11851561
959094246
510638152
181195577
407637878
807388997
385800530
705729476
213606223
345111836
387312997
455697762
968570149
995397542
27230955
282238127
288714190
477559329
52751093
377599357
511451261
306055178
358946069
369141978
740852461
48252754
589608841
271366923
382781014
203156441
984623846
301491359
747615375
450124047
79870630
13149980
265369666
755990876
121904642
414585464
138597068
259799636
930313913
994557943
552989891
736950485
25475717
325681805
967514039
364574615
355597609
832335790
824177552
301563148
699038986
952144339
74690724
190379704
628385246
798906407
836567451
401794478
231908215
422848767
683098500
559630620
457153864
384807525
966814182
73090429
308506545
448268903
310408325
976506841
930095398
237031467
951014359
305022768
828682817
548215728
980275288
117497333
856933091
59307379
980022167
295792048
711738595
473936296
673268005
983798784
25282912
592284457
335938614
893113351
818786604
50833344
722273559
731854890
553044979
546079238
824308779
835063708
158019365
532028782
845015358
303510521
963193592
513039769
313399700
930285114
210621211
634968130
269760875
316683127
857131285
341679829
92615574
15829380
210990585
296290572
360203457
631049714
37844360
326676738
648375066
931905269
127400692
936531990
197192729
996089587
673580139
474774094
864867033
145224740
352495147
836805083
727123989
586081198
632252237
311090009
572787054
482280291
117245097
506507760
389558578
393797678
773254174
220416051
624658838
294216182
669356672
699349023
413680885
123719843
911548779
960947002
120861013
970784533
853487334
95098234
209543897
985776363
970834441
199899258
772954414
923250704
720908261
443507950
512074923
702817556
457085125
111421514
214125924
450422238
725811734
796522607
606243592
671254478
548302117
233023483
699323790
392097613
670931047
319089314
748595343
188062973
131291168
101747891
543316584
233222799
522500863
513405336
977671850
321043351
650856023
642899940
747524073
355798072
917339056
789198007
541356437
584937602
301435244
63272825
47817122
529646323
521583414
302299038
803626708
82633478
146256711
84587164
475209918
296908672
956734294
750872548
415603104
327738398
525601212
978060847
146431429
847260400
989124567
43099150
544602065
774067909
433222413
562523208
871864712
62755725
90669557
510557161
276304335
900346133
953330984
455196058
152338039
792635151
221612140
46182460
459720149
267079271
638473330
873573180
617858377
731352566
813900738
918121019
757872288
197923886
352151721
41357345
311062558
158055542
956818097
215615160
780013698
598745288
504337858
168435112
321754605
884808147
634903827
655172805
802012508
277094152
240178979
582722944
333423550
814679075
566101509
352044676
358848754
639269118
801516754
864566394
107780132
421964883
787400001
881676973
725431838
812210734
591734256
78275979
470784946
685079151
398534638
7621095
541936610
250220635
153293146
390910200
225527447
63208741
288025103
948188442
471533637
451030783
940383848
292525947
567401114
870679457
248489221
807873341
112587899
493399483
831013542
546330339
34561270
343463284
249294958
822590354
406118848
439420223
117831698
334241981
267013143
479710851
615153429
830058093
623332172
934415443
393444094
476949201
446135999
10659157
346167227
217347518
718465607
327365142
619156569
370421506
983216391
229511427
761356651
836691004
116822673
39170920
29176265
797970243
294795731
151853107
163231808
948213837
441050143
650023126
88513584
486768259
602947000
834722450
55206665
142861783
749078082
560994057
962030220
411951795
188252915
815962844
819538241
827231173
701687119
614109353
309155518
583661086
747214614
448000720
664520574
847473267
53136941
749482505
847264762
329292056
893062339
847183382
623829893
794813848
178860454
89802277
833901436
281421950
484212097
450362842
750989239
594498636
374365615
789553292
483050183
658506167
66959286
107692864
924184053
924098784
831332224
609238392
351018725
444470613
204461567
775776888
688976409
319405718
454613972
686901141
37698060
599880601
481607972
375800707
513634246
853808759
643049513
239455796
49187397
466213476
187603805
457261708
169365606
60624089
110591452
32963085
87818518
24001668
503932597
328890243
394332280
474601975
571509604
84622285
903834649
729577033
99505625
905019385
795928685
926395633
683524010
859667203
729168651
236138769
458490254
667489515
245351755
828015287
414722048
981647515
293695955
723064583
900132168
111841959
162640917
707947792
676008860
481578974
579131346
776423584
999267287
178927502
451057740
131818770
254961715
974580255
859923876
583739114
439663000
289470595
648808163
626365217
439125260
724834738
753379778
27092722
710116203
891107365
14064561
577897083
495472460
935376007
274035464
445128148
855525375
432831394
382622322
243334734
131394743
232116009
344859773
983844718
830443845
58448303
363365486
978618582
420136017
478411512
506386997
552890892
358998120
113868787
235541364
550904201
759763966
938174902
632058830
56219153
621261010
860170476
315530365
466503465
445296655
139083094
560713684
790776115
923494069
154434353
71146621
855711600
264074020
84425974
830600190
418049340
223525176
87440401
790739516
156261928
281891764
793448680
478488285
894718675
257860801
183935336
977894429
575699346
461814230
931097340
131044752
192999107
738575381
758263053
574193123
992229083
82915303
204442431
347500768
70911491
63295472
506792999
913039556
538705782
813329559
505715576
130913808
495100819
156241532
999979900
884358912
922965445
387176853
517057326
989252419
423758391
534329041
962726873
785704274
333251961
559253240
944940177
405886708
455739415
507921992
881194035
148016419
523561497
778481806
71001870
727923262
999735645
790453768
348269676
24189658
393221472
108609346
298284541
594714436
870550553
763807930
843979377
744708302
1068322
678327138
410103420
176760480
157072298
73394503
33842309
989236502
43387610
532977994
594523293
446193842
60373433
555649601
446129111
608926218
54172952
910529407
467373951
81460896
232020394
616202763
135898481
409467783
203060308
149605004
979200215
727058964
493728923
991836476
810295135
241201787
551223586
97982507
753959944
359943282
353493990
247742892
664874939
632793380
817689140
873299984
81421410
833657500
219423425
883266784
931416956
483402152
546517491
45136655
563379748
697602052
800553141
114771942
994516508
282971000
58727472
619926843
85694827
371011644
557696262
281733315
738704818
296106680
477642433
450028544
464466867
329061929
503227584
118493298
337749404
589815454
851278889
746256420
78891594
221500524
536224561
998815623
780829876
395441851
154672762
214456466
119637753
260326708
424614469
129134226
266078937
168751772
331836540
963940672
936208192
875612394
874234234
269335286
198767391
33797699
616332624
943925035
950753920
207680650
325686386
76722591
889057584
605073740
201015710
443199700
66058879
696525891
17546861
452572092
862012139
523767508
520760315
49260329
577762694
930487287
245654899
777813337
469897245
668377343
715433025
254199333
698535264
365494376
188786113
685793420
789145606
215684042
127305083
171287520
834730840
988481350
862818038
476334525
25412462
416360632
110026742
781619002
376314941
268845172
714356045
255063449
745581530
768629553
307995986
523886136
853835585
1345796
142305960
284320305
669354258
964078257
468325056
219513224
408799349
406747080
937288545
952878624
997506117
355673228
570224884
929217616
895020510
740891545
399178605
318731017
515705879
862998191
27401445
613961475
960899055
949126572
494207577
767892924
797716768
756693654
165433675
380279884
913061701
813274899
881840799
446597972
611365887
969846342
444225789
132300674
425867534
585440456
910953363
773652849
151365933
700299337
809398054
991924976
49758627
177363685
739247377
225197231
39902942
214712036
112183201
275723602
329683789
317080304
293393018
719683353
39452883
531167952
920226318
318402571
895493517
348982528
409413378
212398492
973964387
111953235
151538955
136335811
589042399
523370317
689308996
605587737
994437722
283582222
848715355
183292735
95760550
523461518
133977411
727261651
717190589
625440729
645583237
325543587
728299052
294881671
107167434
896671428
619437638
789228914
861292523
716055487
723131851
243453692
358811388
742573857
617837665
729604211
293657032
691854326
404031335
983169645
215363911
272021425
873665732
403523881
470540804
947775184
526347274
835127689
872492250
758651488
322297785
633823529
78832971
262118837
820153190
926178815
168506113
345275446
438545087
627182891
368858175
997354858
857980
787231001
410966350
342796303
170034918
549698290
618841539
913648056
592208837
332117169
997169871
216457364
955737294
834832667
553288632
797170451
307684185
548717311
997711866
10145376
552398962
32341506
649133642
429952157
543429278
932653644
885021720
932740366
140315483
310520767
847375220
960351573
741868332
858560501
298406071
19266746
308243738
315071592
385595127
481808823
938340408
490170053
196766179
600264857
114065464
317416569
765436324
674762358
795897435
92603906
103855559
656264515
612415539
883319800
706737508
167284509
802453069
553830642
213310168
138567477
680500255
239441058
701234267
911258601
661154541
150334446
313789418
956013391
366016233
833956957
193771225
939941652
765994425
999108172
579307483
286029547
829440877
861997635
128258058
648071324
796951215
364472233
90084469
664303706
670501493
190507822
591226239
387634457
559502160
871325125
497136569
450061979
633844676
9175969
738600229
304753424
411375301
282943338
799262319
507666134
521406551
445399949
336188564
286620440
172334755
815527082
282965709
421779411
5497460
430171140
800638706
476026680
681635335
541793872
424809710
393854639
973259548
97724447
7459148
168942706
69582475
315466715
670412850
36258400
54082549
488646501
278139753
466626787
100026452
42915829
800006604
530377250
664753938
841953883
921738735
744242983
40547104
594990466
769284717
665119445
64385249
673738260
178301733
822268500
20246594
311745676
159278237
76756304
913453486
356838256
859954374
154579743
226222996
109409818
409020823
600081801
907901148
66369714
711144374
50738919
192772655
847160832
843874824
187253053
831268170
37344594
738440615
244945833
515271996
213667471
674378064
298490033
410847037
576631584
630848230
821018091
774923331
586095146
803117287
624210096
447801713
234189718
204749305
686469052
543748965
688646902
249422423
1226282
520451851
371698177
525246410
304933539
759812818
571108007
150409153
851537332
138149154
264050247
451441423
228869915
498619631
11526636
412446713
933582963
454199732
950801317
604023911
552331986
96555770
173769701
795359913
687547881
248626365
158860441
722998719
956049810
558087672
730231092
157457762
625364415
569549821
965769819
507855355
943256844
931828920
689655178
941381642
580283088
725152190
28841617
132141838
473324815
145283887
253767703
123378280
748802298
578862555
632447062
872150053
350681288
548992576
437825782
834219709
185386864
670389196
16420910
232131125
200130193
940490854
854213826
854597863
654693631
835242595
56347084
183040574
245505483
582259583
875990597
537875381
873854103
625919602
897384341
505797606
134364885
972337221
65326527
206640844
129320475
877248329
907668200
46474848
62088143
122322190
304036724
182194390
970954781
793776938
599866705
401785671
360428231
770805588
530649437
976363385
761582808
599456541
990053563
92017615
550105755
269131386
569991459
915676848
534391549
225073483
443766782
214101362
609794978
638027089
915692507
968037612
397643226
496999333
635716026
268450375
807035937
478218865
241078103
290909258
677067516
847861091
767018791
73413879
994575952
994838813
488343129
711262066
664643948
462776403
868604105
64695432
337744371
794655470
431335311
991450168
524846985
357022591
721010910
816053065
66190058
71352882
849577104
555327715
527938678
939064452
830581929
264104518
463587816
991655202
919125868
47209616
934146608
403983580
57892150
39932248
318554578
442054496
20026285
657557581
864881852
260644971
877812154
483388786
50853267
768575118
597857014
708938012
740659236
975690567
986563153
183631350
520413274
438814802
777922878
392408450
61911287
35459516
433524604
817816675
333051109
508901599
155431488
418299410
945184463
428153762
726645700
82849959
673049379
337525884
386269193
259372879
136136598
193721211
476818072
531970890
368037492
54432770
909039930
553094718
961561213
826233102
439081040
868961292
833035658
573402784
13133127
425546457
762660432
837116879
494143803
898709236
22298663
272089549
981041255
723149975
359805186
233289181
60602842
291190284
100169647
265079886
746276199
865162675
76310854
816398407
840767699
92144662
121087516
461783962
579658467
54138446
832103698
756364876
444465296
192741648
773510443
969137602
456656019
592059560
902842406
594135417
688140221
482908092
184421831
776192628
760350103
290573779
890315134
778632642
495953193
617219402
911609952
451999462
712095203
841736120
922800733
398505680
360142270
228900987
355569244
539953283
397757763
898776704
4973900
771946101
863402182
262075385
684809209
223192919
168146658
632058997
580777795
553923869
389278190
420098285
340277696
292379485
519240835
361394939
787175567
609444068
642290818
826347618
915594711
877981075
340168939
840688868
965368114
353621555
425155957
765387137
836777494
336518695
879427697
755184236
463623394
963397320
305283591
292745768
905605695
872592378
894510603
782728954
45747540
813582014
774314425
138203550
796402375
504702981
709516283
598490918
154139712
972049162
517266497
432638660
728403777
296750388
685667431
53939193
514886753
911083222
553353944
393563993
416884681
756912012
635109176
517949388
588665075
179249993
821889416
449190652
115095
47830028
121091099
274058474
648497788
381139362
599342242
729492074
953396939
147372113
687392482
695811315
600215887
700224439
995461747
955124073
339669751
626439596
537413991
143205026
460750337
