577422484
740334666
981002971
390157807
825874130
461647406
328846527
477621064
792082609
911467351
373624841
776192163
450644417
9759846
224107378
10411717
243011637
558635228
711719304
151157473
324638533
925815198
359938357
949510087
47090131
876911596
941733913
821581092
337149304
288627550
311270738
538149143
117622839
352134154
152962240
947202736
409950999
829650738
571169038
504973834
155538885
451699481
610582662
218194876
268723206
734044769
798595958
100354465
851351315
200485764
755158965
410907635
427619135
912252635
966624037
973168728
162964760
237275809
392296216
887887991
260049361
52729217
470219130
147652476
793219580
514665463
866370173
65806686
849465731
575577875
632830107
863370781
978824325
897203033
959959626
779900809
558195151
128731111
244499995
31571650
856649694
783912802
674542948
502817203
522770633
671646056
418807335
86484475
19347558
72376979
40004221
671420206
982483645
433097353
71120950
3579380
615099824
778966621
531103699
343079010
890363071
761600728
27492802
738363102
923827615
732072497
741400070
441673727
319835796
786535825
320836568
245332253
625933092
93131386
641882024
125876367
591486466
94179239
242495714
973447508
171049380
471729789
621235634
956905111
261545827
96126731
728747029
74735538
108402432
84742351
968825969
37024749
585015518
476747707
766755256
176974114
73321115
67384165
465438575
9016381
772772853
351484427
134120157
400782329
563759308
860317624
890282772
759272057
959961350
779950805
129870988
277556428
990208207
227335604
533804318
991622921
698136357
187026057
364827462
521068172
622274687
557263601
101716161
890840499
345672093
965562478
942383517
270193648
776687587
465011713
996637390
413781911
940747186
792966009
507311904
223342915
988242297
600098261
343921294
914789307
469961565
569957138
469828734
566105039
358117863
326489801
409276010
380302010
540056017
172922185
526041134
196264625
202971887
827256532
931511111
954893881
203220157
404682315
247084855
676758550
567069661
386091901
707962856
42220481
165465786
739579610
959106347
755155718
410813472
424888408
262835592
563303963
276886659
541010859
630386650
792510528
494102955
270057441
772737584
920687586
211237609
66962463
453209217
654365006
487882845
659900211
648403790
744781628
109964862
700278781
249156353
736831992
879425425
14634947
935711267
646924358
272104053
832089332
71662304
19278646
70378531
552275189
527278173
232138756
243321679
567626446
402238666
605993081
514871074
442558845
345504218
960694103
801200642
175890301
41890538
155897439
462097547
341900616
426415598
307124102
847670746
93749263
659800457
645510924
660888514
106838617
609617676
190210282
457169987
199001376
712111713
162537334
224880455
462604997
356616666
282955088
146769340
767608636
201722134
791013695
450694798
581446855
803030527
228956966
151049769
321515117
265010174
196592794
642262835
566693933
945421749
928528336
438619359
231259124
647586398
721077260
422538197
194679473
586776526
527816939
247762970
696423885
137364369
924638524
325814811
959927260
778962195
101201298
446135425
878999085
432045134
40606599
118663208
382304855
598138522
857314823
373427496
340695111
391455953
293294404
16835457
999526057
497553254
940342072
781217703
596385077
236238958
792001584
909117626
305482816
370299405
249980472
190505483
465730816
17491370
448321574
942397406
270596429
788368236
803750534
820063129
293128377
12020674
859897350
878094826
976047583
246451555
88166890
68137593
487287987
72423369
611575491
246986917
673918348
54929756
104260714
534858489
22193873
154920114
3981075
626748979
116792109
898268944
990871045
246557906
661477029
694131512
641111512
103531519
943485881
302162204
274001657
887119848
667547261
299942280
209623861
20163771
96047156
296665307
114591644
834455459
140279987
9191439
777849535
68934158
510388372
742334534
468773183
535494060
40625432
119209365
398143408
487230599
640985077
529638951
870827278
195062731
168116961
816463685
188744501
984888298
502832290
523208156
114108263
250211450
767429805
196536035
210842777
625738295
657708233
14610468
935001376
626337519
104859769
982005131
419220447
98464723
796548797
611212756
236467602
798632260
671633183
418434018
645884242
241940689
957351783
274499315
471777883
622630360
997352165
864284433
575546186
631911126
836720332
205961304
913949625
445610787
434010536
97603257
771566283
316493897
119394794
973746809
749955069
259994651
480916674
457881252
789854021
846838299
69608300
529938490
879513909
17200983
439900351
698181939
188347935
973387884
169320284
421586005
167065905
785983061
734580459
814130968
550869755
486520587
50168769
395966138
994315729
346453742
558456252
136303040
464085936
969789857
635203461
361972087
8488250
187231094
370773535
263730242
159474766
136065983
886985330
233872192
293591323
25446108
249234929
168884736
838729160
264217316
603373959
438916536
669651304
931185487
515676738
895697148
486514914
50004252
391195145
285730972
227269976
102127059
472982494
227790032
117208683
910349590
341209772
406381122
726124305
568902502
439244290
249382123
743379322
499072035
414160761
521959789
77905620
200334810
750781299
713729368
639223376
478549622
819010791
262610575
127004423
624200090
613100288
291206030
956272618
243203530
993974172
336548589
271206815
806069430
887311113
243319899
567574826
970967646
99133382
386165861
139881736
567868120
409247212
809240915
979284178
340312810
810143271
435226542
562641478
827900554
950187749
66742329
446825331
469232312
548808801
426752921
887132429
667912110
310522901
516461870
918465976
146810919
768814427
806916033
911862600
955313022
215375246
186953936
932961913
567193092
959897360
348321048
612608126
706707379
5811648
679835596
226529948
510440294
314066225
48992306
932074671
541463074
213726838
709376064
512977560
817420986
646280277
683199751
324090443
909920588
898994674
11917208
856896836
791079920
452615323
66916120
881639317
508611862
690815744
544954240
314970652
645446649
659024539
623009302
578567436
719527376
807365608
924900275
763179637
73281163
66225557
861612990
927848386
418900809
89195221
527733239
815561630
162584906
656034090
536286281
493373888
819140458
266370918
665828417
250095804
764076071
99277749
390352504
261294383
518608902
550955857
489017545
122580551
66133755
429176685
957421585
276523573
960255412
788478603
377177130
449434497
544898126
743117393
61702047
730431200
123576497
524790236
730214543
117293444
912807659
412493773
473617137
246194679
80717486
852104884
222339265
388910487
219475890
305872612
811377536
471020227
600658336
930389429
922365103
259885602
477754253
366171043
130257974
288779022
885889386
631863863
265123745
199886353
737776046
906802991
808584361
960244112
358376856
334000598
197315076
663209013
174133088
561157321
784860001
702011719
869637515
730785564
133853053
822810360
802572123
215663250
765532012
711725998
581125646
363941419
495372925
877112531
377335068
883788746
570945303
498485519
967377757
995026608
367069233
156305484
473930852
685066461
807999080
373045003
759376861
533226619
974869650
782517458
634077972
899558866
28278776
761156348
584831742
471418203
182425593
801639966
758856657
518140703
537378086
95262186
273901177
884205928
583043581
849335581
571803525
523373957
118916492
389650091
240924406
498105529
386132087
709128250
505790954
179235365
138897394
969096249
44862869
812320998
498380625
964335831
477036707
345362209
526801795
788549754
809014556
972719767
720170851
826026383
895836790
490564532
167443174
796923862
51863681
445118586
419736707
683662223
767276178
762306812
47969238
332179739
144510165
702092561
301755973
691995005
579152809
306729146
836217022
761591274
597444596
837190969
789835737
846308063
484005503
547457293
387559189
180288248
169431001
424796798
260178902
486259953
612836343
713325672
197742145
675594014
533298117
406717132
306094548
388039633
194221124
573484405
572119477
532536565
384632124
95403363
277995310
573161738
562762134
831399578
51659438
9421492
214295112
155630050
454343266
687252427
441618047
747995123
632930264
866275334
633282315
876484813
929357206
892430636
391786066
873093641
831013218
610680958
650819507
814837421
571356892
510421600
743298146
496717931
916117705
508485107
687139849
868127332
116764297
327236436
430928425
8222038
749736906
253667924
297441591
137103880
487310296
643296290
166890081
780884165
586712475
955733507
657343358
4029093
57915541
190848479
45903653
272277774
837127241
787987625
792712815
499969278
440180808
276541145
530990953
339809376
365769638
118617229
380971464
559470183
165707039
316801900
698552841
769330053
251643227
238725378
864107764
570422785
483332497
527940119
821561150
766345033
165077647
728323579
62455488
322506942
293773099
30717612
402108545
602219572
975665273
805590525
873422868
270334841
351008137
690533707
536775167
77777535
196620345
643061814
160090277
153915802
404630074
675343913
96271141
303160872
302963029
726999629
594286898
175391767
597659012
843409033
399933633
109373077
112891056
214912447
173532765
973522001
173209677
534378402
438045397
644388273
628331635
162689133
659056673
623941188
605592130
73469448
71685822
590186628
626709897
685884691
831727750
631402386
251740912
811784203
482813570
512891236
385143543
110234514
708098689
475933685
743148618
492381619
790364657
861646743
928827223
447287082
912397138
400588664
558143023
697445359
737213075
890476832
764899797
123165803
512880110
384820889
100877548
436746675
606725335
106332393
24711220
657697224
14291207
925742807
787613065
781850575
184964318
875262991
323698408
898551573
569293239
20801616
544318708
296540224
540738284
622481975
993049000
739492648
386358489
715693908
696195036
130727748
302402468
280969313
89181865
527345915
234103274
300292701
219786070
885093792
179017590
132581919
785947474
303774389
320755022
813193379
523679674
127782285
216984041
233608991
285958494
233868114
293473061
22016510
149776587
284592839
194264119
574731260
178504225
687920294
890760237
773118542
361509408
424844606
261565334
96692434
745152416
120717714
12111482
862530782
524690307
157090642
66926387
881937060
87472362
47996281
332963986
597027375
825091560
438952876
670705164
961747427
401972991
168514459
827991127
523040319
109240990
679286493
210605961
618870631
458545977
809131046
405872017
711360260
140745197
592908489
135417906
868191097
118613482
951088761
92871677
634350463
337235145
720890986
846910298
501470318
53936921
75468499
699884261
237715273
834814719
150698527
311329099
539841612
166704440
775500576
814347
964687914
487247114
641464012
113754019
810164334
435837369
150581414
878158782
407676347
333911783
624513488
51962870
447995067
503154656
532556770
955444029
219174449
867356783
94418376
249430687
174561718
573587591
575111871
189541944
437788185
636929125
412016343
459771667
844676056
6903253
141266181
608017025
573565450
144695735
707474091
457820343
788087660
795613830
584098713
450160362
565948211
353569851
194597453
584397946
888612166
281050436
661760392
702349039
309193835
477918956
370947430
698547244
198941780
710383429
542191145
234840897
751457815
733348332
778399285
84876908
972728122
150187186
866726170
76130599
719085161
794541373
982771507
441445351
742986939
487692928
654392618
488683593
683121903
321832851
844450420
430133856
985179544
511278424
338371995
753859636
803001141
228104772
126336143
175045923
17403576
16001501
975341333
225970305
494210647
273180509
863306556
976961800
272963848
857023387
364975852
95597435
713397445
629597609
199402379
293966753
36333578
994745606
788694222
813204128
94217348
673374922
468944449
540460774
614434185
759663090
541527260
645362279
226803762
88606853
510670567
750518189
276325131
524726547
158141602
97404227
765794413
719335627
801804887
193413406
550060583
892828646
833102403
101041363
441497310
744493750
531390447
351394702
131518132
755097651
409129529
376054061
846639543
63844376
362784694
461827900
334080853
199642471
300929421
668024997
884022584
147952558
231695998
660255744
88488287
507232153
650804183
814393025
558469408
706910524
441476900
314127813
621004318
950196947
496783118
918008128
563307374
276985578
543879510
283803482
171372766
910882030
926876492
820489930
735279653
264181634
172565134
515686655
895984741
494855111
291869965
405300773
694794184
660329000
90612711
568840449
437444753
197195550
659742759
73611722
75811768
139613102
560077734
753551978
794079059
539590354
159417958
134418551
409435755
384934615
104175602
532390241
380388728
972344886
709299302
80977415
859642825
870713601
191766098
72514604
614221306
753489599
792270068
916903662
531277860
918355639
143611146
676021010
115906954
302373489
280128922
64810526
820577091
737807322
337484035
728108796
56226781
571648486
89103779
95307374
275211629
492434989
791912387
906530913
230468139
624647833
55858875
131205165
316247561
112251050
766578233
742066407
460997500
309999253
501276078
48303961
912112666
392338976
889128031
725784568
988824176
187198705
940060214
202817861
822789778
801975245
198353788
693331661
47689873
894304114
446116928
448688625
523267838
686065001
836956740
783043096
649321474
771394464
881737106
81673696
879834974
26511868
709916016
98862121
378299292
911751242
381857680
585170447
481240648
467276498
62316148
748240129
640035438
502099420
72180879
604543281
472826874
223277052
986332270
544707478
737588601
331141126
544164435
721840354
444667923
836441527
768101919
786253301
312643372
577955529
701782073
862977781
967427325
566690033
945308649
355022476
806949538
912834245
413264767
925750010
358047905
324461019
920667292
210649083
49895209
958258858
730578537
127849270
648700653
753390655
789400692
833691758
118132658
366918905
581720019
381178236
565466571
909828251
326090941
397709070
474634797
275706819
936569546
101588489
887138011
668073988
315217363
82375308
329955762
509788879
724949237
534825530
451012109
20422914
103562303
514604570
864604276
584821633
900899089
67145243
458509837
237857026
409151509
806465528
898797955
576438317
228008878
553329264
987620395
582063103
820901719
317447487
717274864
742042760
460311737
290112126
354323442
786677552
754720698
827971939
522483867
93103882
641084408
532519550
384138689
651319708
829343250
562251886
816602386
622540877
994757158
359255183
929698041
472540804
644755069
209194672
7717290
164873254
722396182
460786935
874118828
860743641
902637265
117552347
350089886
663904428
764526083
682554057
305365317
366891934
580937860
788269672
800892178
166944845
782472321
632768999
861598649
927432497
836614075
773105811
361140209
984363795
57847656
618653861
882033694
520048795
22486794
593188870
143548955
103991511
527051602
225568197
482549515
935007688
626520567
110168161
135948492
453804044
671614989
988132352
167135809
788010277
793369723
519019610
992640436
297870245
149534846
277582350
990959945
249136006
166015969
755534917
851584290
637016086
414538212
532905868
965567871
942539914
274729161
478443417
386156799
709844898
526573746
781936333
187451300
947385469
985476216
519881912
587873147
559618948
740247184
408240033
350258677
98573407
799700633
132390040
780382983
142404150
70792166
564270604
875145208
320282701
799496070
126457713
608345500
583091225
420943210
718650810
781945194
187708269
384611610
665034417
797295764
632874799
294440889
479857569
427167207
328920763
479773908
424741038
258561862
9591746
789458438
835366392
736923004
311838813
984397365
488595233
110333503
710969370
559183434
727617278
612198719
265060529
198053089
254837343
331354742
120585252
8270084
180904280
757521889
479432431
844612252
434826984
121280249
458199044
228844029
577548643
689982379
520786655
43884734
213729123
139216369
978346524
313120844
591802217
103336018
508042305
244524544
602509531
413848124
942667363
278425182
585628026
494510439
852100437
222210302
955396520
647570735
720623033
839139661
276121845
948605300
20851308
115985729
874883924
882931425
546082994
347704518
24502796
651652928
409232583
379042627
933307957
577228368
680694404
251435380
802923775
225861158
61271337
288166563
868128075
687011804
864414027
9078452
204346952
867133417
658166722
27906649
320590618
808425663
955641870
654685885
926962383
393206722
344066705
919006226
162478169
223164670
412847232
913641495
6900970
141199974
606097022
88111316
496299994
333771572
190673322
470598147
158643969
541746917
221958285
948088027
5850391
110733183
722560090
465540267
11965449
858295825
401876554
595491833
210334882
40783380
123789857
101203629
875977071
914632688
35645567
974793287
210076971
33303961
906886713
811012299
30654307
400272700
119206020
968272363
591196135
655985600
964654118
916041077
506262895
192921654
106025728
586043895
506570640
631620306
258060592
995054923
367890368
180118399
734731340
818506517
247986629
132684036
359134820
926207514
801089568
742895115
485030032
577168634
249188071
167525854
799321582
121397561
461601092
897729381
975223718
792785430
931849160
964697302
487519366
79133360
235939270
353536585
763858699
92973961
637316699
993481949
322274122
287021319
264690039
617082926
406702532
305671148
375761033
408367684
353960556
205927898
483206804
524295022
145627377
734491709
241331258
509904237
728294619
61615648
298151582
157693619
514186767
422713942
770002038
271130792
803864763
823375770
818969013
691173060
555316404
45247448
823473789
392037517
880385720
42483502
743319355
67558945
900281242
619453640
475453238
299441608
624878420
632771858
861681560
500062869
13120900
321577944
266832157
679204348
208223756
979560733
918558865
149504700
846934076
72385833
40260987
678866420
198423844
695363285
106606969
602899884
425168361
841180189
905523117
201242055
777091404
46948359
302574248
715724980
267322077
693412028
620246476
498445482
395990724
995028723
367130568
587858246
559186819
727715443
615045504
347617294
592199260
685076225
808282236
381256527
997511057
868892301
138948398
540801318
624309961
46060587
276828860
539334688
152003644
349177492
637445002
426976776
323398264
889847397
746646182
164036928
268368681
723763544
930214480
917291582
542527540
244596352
34366003
937685931
704189614
362570510
25842517
690504837
535937937
483271912
526183154
200383205
752184754
324655516
356081745
837668339
233453507
281449458
103106070
501373813
480912323
457755073
786194830
740721760
992228697
715703861
266709626
245876902
641727913
551181195
925326394
345763041
1
1 